scenario A constraint audit: {"min_gap_upper_minus_lower": 0.0, "target_below_upper": true, "target_above_lower": true}
[B] {"method": "NN", "seed": 0, "train_seconds": 31.1, "test_objective": -0.06381829639414002, "ineq_violation_max": 0.0, "ineq_violation_mean": 0.0, "eq_violation_max": 0.01087413156844963, "eq_violation_mean": 0.001803093599597913}
[B] {"method": "NN", "seed": 1, "train_seconds": 38.2, "test_objective": -0.06435625101199059, "ineq_violation_max": 0.0, "ineq_violation_mean": 0.0, "eq_violation_max": 0.014053541809339487, "eq_violation_mean": 0.003252550291658891}
[B] {"method": "NN", "seed": 2, "train_seconds": 58.6, "test_objective": -0.05879994454583623, "ineq_violation_max": 0.0, "ineq_violation_mean": 0.0, "eq_violation_max": 0.01671641782180877, "eq_violation_mean": 0.0033717604841914336}
[B] {"method": "NN", "seed": 3, "train_seconds": 51.5, "test_objective": -0.06278364815740771, "ineq_violation_max": 0.0, "ineq_violation_mean": 0.0, "eq_violation_max": 0.01727214291924628, "eq_violation_mean": 0.0030354340974696873}
[B] {"method": "NN", "seed": 4, "train_seconds": 50.2, "test_objective": -0.061806361048516195, "ineq_violation_max": 0.0, "ineq_violation_mean": 0.0, "eq_violation_max": 0.014212531677178064, "eq_violation_mean": 0.002799399040561274}
[B] {"method": "OrthProj", "seed": 0, "train_seconds": 49.6, "test_objective": -0.06773907514510574, "ineq_violation_max": 0.0, "ineq_violation_mean": 0.0, "eq_violation_max": 1.1102230246251565e-15, "eq_violation_mean": 2.8001561211526047e-16}
[B] {"method": "OrthProj", "seed": 1, "train_seconds": 54.8, "test_objective": -0.06773846287968488, "ineq_violation_max": 0.0, "ineq_violation_mean": 0.0, "eq_violation_max": 1.2212453270876722e-15, "eq_violation_mean": 2.8259379067132234e-16}
[B] {"method": "OrthProj", "seed": 2, "train_seconds": 63.0, "test_objective": -0.0677384282283936, "ineq_violation_max": 0.0, "ineq_violation_mean": 0.0, "eq_violation_max": 1.4432899320127035e-15, "eq_violation_mean": 3.0366238675782107e-16}
[B] {"method": "OrthProj", "seed": 3, "train_seconds": 49.2, "test_objective": -0.0677382976419181, "ineq_violation_max": 0.0, "ineq_violation_mean": 0.0, "eq_violation_max": 1.2212453270876722e-15, "eq_violation_mean": 2.715431142383725e-16}
[B] {"method": "OrthProj", "seed": 4, "train_seconds": 48.8, "test_objective": -0.06773862397087077, "ineq_violation_max": 0.0, "ineq_violation_mean": 0.0, "eq_violation_max": 1.3322676295501878e-15, "eq_violation_mean": 3.03725686094658e-16}
[B] {"method": "ParProj", "seed": 0, "train_seconds": 49.2, "test_objective": -0.06480964862930007, "ineq_violation_max": 0.0, "ineq_violation_mean": 0.0, "eq_violation_max": 0.01439031232937904, "eq_violation_mean": 0.0013380496895482221}
[B] {"method": "ParProj", "seed": 1, "train_seconds": 51.7, "test_objective": -0.06121803786776398, "ineq_violation_max": 0.0, "ineq_violation_mean": 0.0, "eq_violation_max": 0.012924868668090728, "eq_violation_mean": 0.00190298668530058}
[B] {"method": "ParProj", "seed": 2, "train_seconds": 52.0, "test_objective": -0.06301028009198793, "ineq_violation_max": 0.0, "ineq_violation_mean": 0.0, "eq_violation_max": 0.011066468546561126, "eq_violation_mean": 0.002092861414991724}
[B] {"method": "ParProj", "seed": 3, "train_seconds": 51.3, "test_objective": -0.06337580484449853, "ineq_violation_max": 0.0, "ineq_violation_mean": 0.0, "eq_violation_max": 0.01499955393964425, "eq_violation_mean": 0.002289215125247226}
[B] {"method": "ParProj", "seed": 4, "train_seconds": 48.8, "test_objective": -0.0623329434523944, "ineq_violation_max": 0.0, "ineq_violation_mean": 0.0, "eq_violation_max": 0.014164048400762352, "eq_violation_mean": 0.002464937928547627}
[B] {"method": "CAffNet", "seed": 0, "train_seconds": 145.7, "test_objective": -0.06773883285933047, "ineq_violation_max": 0.0, "ineq_violation_mean": 0.0, "eq_violation_max": 1.2212453270876722e-15, "eq_violation_mean": 2.8800376074162673e-16}
[B] {"method": "CAffNet", "seed": 1, "train_seconds": 152.6, "test_objective": -0.06242783607864363, "ineq_violation_max": 6.661338147750939e-16, "ineq_violation_mean": 8.659739592076221e-19, "eq_violation_max": 3.774758283725532e-15, "eq_violation_mean": 2.9806027799251604e-16}
[B] {"method": "CAffNet", "seed": 2, "train_seconds": 149.0, "test_objective": -0.06400204594794041, "ineq_violation_max": 8.881784197001252e-16, "ineq_violation_mean": 9.992007221626408e-19, "eq_violation_max": 4.440892098500626e-15, "eq_violation_mean": 3.3526883164968396e-16}
[B] {"method": "CAffNet", "seed": 3, "train_seconds": 153.8, "test_objective": -0.06483752366430168, "ineq_violation_max": 4.440892098500626e-16, "ineq_violation_mean": 4.218847493575595e-19, "eq_violation_max": 2.3314683517128287e-15, "eq_violation_mean": 2.8411089670124513e-16}
[B] {"method": "CAffNet", "seed": 4, "train_seconds": 149.3, "test_objective": -0.06581605751469932, "ineq_violation_max": 5.551115123125783e-16, "ineq_violation_mean": 3.3306690738754697e-19, "eq_violation_max": 3.9968028886505635e-15, "eq_violation_mean": 2.9223699198402397e-16}
wrote caffnet_train_report.json
